<?xml version="1.0" encoding="UTF-8"?>
<testsuite xmlns:xsi="http://www.w3.org/2001/XMLSchema-instance" xsi:noNamespaceSchemaLocation="https://maven.apache.org/surefire/maven-surefire-plugin/xsd/surefire-test-report-3.0.xsd" version="3.0" name="model.PacienteTest" time="0.036" tests="1" errors="0" skipped="0" failures="0">
  <properties>
[...]
</properties>
  <testcase name="testConfiguracao" classname="model.PacienteTest" time="0.017">
    <system-out><![CDATA[O JUnit está funcionando!
]]></system-out>
  </testcase>
</testsuite>